
### SYSTEM         = Linux sierra 4.9.46 #1 SMP Thu Sep 21 23:46:31 KST 2017 x86_64 x86_64 x86_64 GNU/Linux
### DISK_SIZE      = 30G
### DURATION       = 30s
### DIRECTIO       = bufferedio
### MEDIA_TYPES    = nvme
### FS_TYPES       = ext4
### BENCH_TYPES    = DWOL,DWOM,DWAL,DWTL,DWSL,MWCL,MWCM,MWUL,MWUM,MWRL,MWRM,DRBL,DRBM,DRBH,MRPL,MRPM,MRPH,MRDL,MRDM
### NCORES         = 1,2,4,6,12,18,24
### CORE_SEQ       = 0,1,2,3,4,5,6,7,8,9,10,11,12,13,14,15,16,17,18,19,20,21,22,23,24,25,26,27,28,29,30,31,32,33,34,35,36,37,38,39,40,41,42,43,44,45,46,47


### MODEL_NAME     = Intel(R) Xeon(R) CPU E5-2670 v3 @ 2.30GHz
### PHYSICAL_CHIPS = 2
### CORE_PER_CHIP  = 12
### SMT_LEVEL      = 2


## nvme:ext4:MWRM:1:bufferedio
lock_stat_nvme_MWRM_1_ext4
# ncpu secs works works/sec real.sec user.sec nice.sec sys.sec idle.sec iowait.sec irq.sec softirq.sec steal.sec guest.sec user.util nice.util sys.util idle.util iowait.util irq.util softirq.util steal.util guest.util

1 30.051208 461555.000000 15358.949963 30.1466 0.45 0 29.64 90.04 0.05 0 0 0 0 0.373176 0 24.5799 74.6683 0.041464 0 0 0 0

## nvme:ext4:MWRM:2:bufferedio
lock_stat_nvme_MWRM_2_ext4
# ncpu secs works works/sec real.sec user.sec nice.sec sys.sec idle.sec iowait.sec irq.sec softirq.sec steal.sec guest.sec user.util nice.util sys.util idle.util iowait.util irq.util softirq.util steal.util guest.util

2 30.000104 499409.000000 16646.908957 30.0663 0.61 0 32.28 114.23 0.77 0 0.06 0 0 0.405769 0 21.4725 75.9853 0.512201 0 0.0399117 0 0  

## nvme:ext4:MWRM:4:bufferedio
lock_stat_nvme_MWRM_4_ext4
# ncpu secs works works/sec real.sec user.sec nice.sec sys.sec idle.sec iowait.sec irq.sec softirq.sec steal.sec guest.sec user.util nice.util sys.util idle.util iowait.util irq.util softirq.util steal.util guest.util

4 30.000726 230612.000000 7686.880708 30.1065 1.02 0 31.79 84.33 0.03 0 0 0 0 0.846992 0 26.3979 70.0263 0.0249115 0 0 0 0

## nvme:ext4:MWRM:6:bufferedio
lock_stat_nvme_MWRM_6_ext4
# ncpu secs works works/sec real.sec user.sec nice.sec sys.sec idle.sec iowait.sec irq.sec softirq.sec steal.sec guest.sec user.util nice.util sys.util idle.util iowait.util irq.util softirq.util steal.util guest.util

6 30.001157 212431.000000 7080.760213 30.1077 0.83 0 32.1 143.64 0.04 0 0.05 0 0 0.459462 0 17.7695 79.5146 0.0221427 0 0.0276784 0 0

## nvme:ext4:MWRM:12:bufferedio
lock_stat_nvme_MWRM_12_ext4
# ncpu secs works works/sec real.sec user.sec nice.sec sys.sec idle.sec iowait.sec irq.sec softirq.sec steal.sec guest.sec user.util nice.util sys.util idle.util iowait.util irq.util softirq.util steal.util guest.util

12 30.001151 210327.000000 7010.631142 30.1025 1.11 0 31.74 322.94 0.03 0 0.19 0 0 0.307283 0 8.78664 89.4001 0.00830496 0 0.0525981 0 0

## nvme:ext4:MWRM:18:bufferedio
lock_stat_nvme_MWRM_18_ext4
# ncpu secs works works/sec real.sec user.sec nice.sec sys.sec idle.sec iowait.sec irq.sec softirq.sec steal.sec guest.sec user.util nice.util sys.util idle.util iowait.util irq.util softirq.util steal.util guest.util

18 30.005768 210030.000000 6999.654161 30.1101 1.15 0 31.68 501.69 0.02 0 1.14 0 0 0.212184 0 5.84521 92.5658 0.00369016 0 0.210339 0 0

## nvme:ext4:MWRM:24:bufferedio
lock_stat_nvme_MWRM_24_ext4
# ncpu secs works works/sec real.sec user.sec nice.sec sys.sec idle.sec iowait.sec irq.sec softirq.sec steal.sec guest.sec user.util nice.util sys.util idle.util iowait.util irq.util softirq.util steal.util guest.util

24 30.002916 209530.000000 6983.654580 30.1048 1.19 0 31.84 680.88 0.04 0 2.77 0 0 0.164702 0 4.40683 94.2375 0.00553621 0 0.383383 0 0

## nvme:ext4_no_jnl:MWRM:1:bufferedio
lock_stat_nvme_MWRM_1_ext4_no_jnl
# ncpu secs works works/sec real.sec user.sec nice.sec sys.sec idle.sec iowait.sec irq.sec softirq.sec steal.sec guest.sec user.util nice.util sys.util idle.util iowait.util irq.util softirq.util steal.util guest.util

1 30.000033 803197.000000 26773.203883 30.0572 1.42 0 30.1 88.55 0.02 0 0.12 0 0 1.18108 0 25.0356 73.6512 0.0166349 0 0.0998097 0 0

## nvme:ext4_no_jnl:MWRM:2:bufferedio
lock_stat_nvme_MWRM_2_ext4_no_jnl
# ncpu secs works works/sec real.sec user.sec nice.sec sys.sec idle.sec iowait.sec irq.sec softirq.sec steal.sec guest.sec user.util nice.util sys.util idle.util iowait.util irq.util softirq.util steal.util guest.util

2 30.000065 781114.000000 26037.076920 30.057 0.74 0 34.23 112.67 0 0 0.58 0 0 0.492397 0 22.7767 74.9708 0 0 0.385933 0 0

## nvme:ext4_no_jnl:MWRM:4:bufferedio
lock_stat_nvme_MWRM_4_ext4_no_jnl
# ncpu secs works works/sec real.sec user.sec nice.sec sys.sec idle.sec iowait.sec irq.sec softirq.sec steal.sec guest.sec user.util nice.util sys.util idle.util iowait.util irq.util softirq.util steal.util guest.util

4 30.000171 730600.000000 24353.194723 30.0613 0.79 0 34.27 112.32 0.01 0 0.03 0 0 0.525593 0 22.8001 74.7273 0.00665307 0 0.0199592 0 0

## nvme:ext4_no_jnl:MWRM:6:bufferedio
lock_stat_nvme_MWRM_6_ext4_no_jnl
# ncpu secs works works/sec real.sec user.sec nice.sec sys.sec idle.sec iowait.sec irq.sec softirq.sec steal.sec guest.sec user.util nice.util sys.util idle.util iowait.util irq.util softirq.util steal.util guest.util

6 30.000748 257475.000000 8582.286110 30.1025 1.12 0 32.4 142.71 0.01 0 0.02 0 0 0.620103 0 17.9387 79.0132 0.00553663 0 0.0110733 0 0

## nvme:ext4_no_jnl:MWRM:12:bufferedio
lock_stat_nvme_MWRM_12_ext4_no_jnl
# ncpu secs works works/sec real.sec user.sec nice.sec sys.sec idle.sec iowait.sec irq.sec softirq.sec steal.sec guest.sec user.util nice.util sys.util idle.util iowait.util irq.util softirq.util steal.util guest.util

12 30.003098 251444.000000 8380.601346 30.1063 1.16 0 32.64 321.88 0.01 0 0.02 0 0 0.321085 0 9.03466 89.0954 0.00276797 0 0.00553594 0 0

## nvme:ext4_no_jnl:MWRM:18:bufferedio
lock_stat_nvme_MWRM_18_ext4_no_jnl
# ncpu secs works works/sec real.sec user.sec nice.sec sys.sec idle.sec iowait.sec irq.sec softirq.sec steal.sec guest.sec user.util nice.util sys.util idle.util iowait.util irq.util softirq.util steal.util guest.util

18 30.002918 251962.000000 8397.916372 30.1005 1.37 0 32.08 500.08 0.02 0 0.14 0 0 0.252857 0 5.92091 92.2983 0.00369134 0 0.0258394 0 0

## nvme:ext4_no_jnl:MWRM:24:bufferedio
lock_stat_nvme_MWRM_24_ext4_no_jnl
# ncpu secs works works/sec real.sec user.sec nice.sec sys.sec idle.sec iowait.sec irq.sec softirq.sec steal.sec guest.sec user.util nice.util sys.util idle.util iowait.util irq.util softirq.util steal.util guest.util

24 30.003901 251034.000000 8366.712188 30.1053 1.45 0 32.34 679.38 0.03 0 0.16 0 0 0.200684 0 4.47595 94.0282 0.00415209 0 0.0221445 0 0









